This is pdfTeX, Version 3.14159265-2.6-1.40.16 (TeX Live 2015) (preloaded format=pdflatex 2015.5.24)  23 FEB 2018 21:34
entering extended mode
 restricted \write18 enabled.
 file:line:error style messages enabled.
 %&-line parsing enabled.
**HW3_hudanyun_sheng.tex
(./HW3_hudanyun_sheng.tex
LaTeX2e <2015/01/01>
Babel <3.9l> and hyphenation patterns for 79 languages loaded.
(/usr/local/texlive/2015/texmf-dist/tex/latex/base/article.cls
Document Class: article 2014/09/29 v1.4h Standard LaTeX document class
(/usr/local/texlive/2015/texmf-dist/tex/latex/base/size10.clo
File: size10.clo 2014/09/29 v1.4h Standard LaTeX file (size option)
)
\c@part=\count79
\c@section=\count80
\c@subsection=\count81
\c@subsubsection=\count82
\c@paragraph=\count83
\c@subparagraph=\count84
\c@figure=\count85
\c@table=\count86
\abovecaptionskip=\skip41
\belowcaptionskip=\skip42
\bibindent=\dimen102
)
(/usr/local/texlive/2015/texmf-dist/tex/latex/geometry/geometry.sty
Package: geometry 2010/09/12 v5.6 Page Geometry

(/usr/local/texlive/2015/texmf-dist/tex/latex/graphics/keyval.sty
Package: keyval 2014/10/28 v1.15 key=value parser (DPC)
\KV@toks@=\toks14
)
(/usr/local/texlive/2015/texmf-dist/tex/generic/oberdiek/ifpdf.sty
Package: ifpdf 2011/01/30 v2.3 Provides the ifpdf switch (HO)
Package ifpdf Info: pdfTeX in PDF mode is detected.
)
(/usr/local/texlive/2015/texmf-dist/tex/generic/oberdiek/ifvtex.sty
Package: ifvtex 2010/03/01 v1.5 Detect VTeX and its facilities (HO)
Package ifvtex Info: VTeX not detected.
)
(/usr/local/texlive/2015/texmf-dist/tex/generic/ifxetex/ifxetex.sty
Package: ifxetex 2010/09/12 v0.6 Provides ifxetex conditional
)
\Gm@cnth=\count87
\Gm@cntv=\count88
\c@Gm@tempcnt=\count89
\Gm@bindingoffset=\dimen103
\Gm@wd@mp=\dimen104
\Gm@odd@mp=\dimen105
\Gm@even@mp=\dimen106
\Gm@layoutwidth=\dimen107
\Gm@layoutheight=\dimen108
\Gm@layouthoffset=\dimen109
\Gm@layoutvoffset=\dimen110
\Gm@dimlist=\toks15
)
(/usr/local/texlive/2015/texmf-dist/tex/latex/setspace/setspace.sty
Package: setspace 2011/12/19 v6.7a set line spacing
)
(/usr/local/texlive/2015/texmf-dist/tex/latex/amsmath/amsmath.sty
Package: amsmath 2013/01/14 v2.14 AMS math features
\@mathmargin=\skip43

For additional information on amsmath, use the `?' option.
(/usr/local/texlive/2015/texmf-dist/tex/latex/amsmath/amstext.sty
Package: amstext 2000/06/29 v2.01

(/usr/local/texlive/2015/texmf-dist/tex/latex/amsmath/amsgen.sty
File: amsgen.sty 1999/11/30 v2.0
\@emptytoks=\toks16
\ex@=\dimen111
))
(/usr/local/texlive/2015/texmf-dist/tex/latex/amsmath/amsbsy.sty
Package: amsbsy 1999/11/29 v1.2d
\pmbraise@=\dimen112
)
(/usr/local/texlive/2015/texmf-dist/tex/latex/amsmath/amsopn.sty
Package: amsopn 1999/12/14 v2.01 operator names
)
\inf@bad=\count90
LaTeX Info: Redefining \frac on input line 210.
\uproot@=\count91
\leftroot@=\count92
LaTeX Info: Redefining \overline on input line 306.
\classnum@=\count93
\DOTSCASE@=\count94
LaTeX Info: Redefining \ldots on input line 378.
LaTeX Info: Redefining \dots on input line 381.
LaTeX Info: Redefining \cdots on input line 466.
\Mathstrutbox@=\box26
\strutbox@=\box27
\big@size=\dimen113
LaTeX Font Info:    Redeclaring font encoding OML on input line 566.
LaTeX Font Info:    Redeclaring font encoding OMS on input line 567.
\macc@depth=\count95
\c@MaxMatrixCols=\count96
\dotsspace@=\muskip10
\c@parentequation=\count97
\dspbrk@lvl=\count98
\tag@help=\toks17
\row@=\count99
\column@=\count100
\maxfields@=\count101
\andhelp@=\toks18
\eqnshift@=\dimen114
\alignsep@=\dimen115
\tagshift@=\dimen116
\tagwidth@=\dimen117
\totwidth@=\dimen118
\lineht@=\dimen119
\@envbody=\toks19
\multlinegap=\skip44
\multlinetaggap=\skip45
\mathdisplay@stack=\toks20
LaTeX Info: Redefining \[ on input line 2665.
LaTeX Info: Redefining \] on input line 2666.
)
(/usr/local/texlive/2015/texmf-dist/tex/latex/amsfonts/amssymb.sty
Package: amssymb 2013/01/14 v3.01 AMS font symbols

(/usr/local/texlive/2015/texmf-dist/tex/latex/amsfonts/amsfonts.sty
Package: amsfonts 2013/01/14 v3.01 Basic AMSFonts support
\symAMSa=\mathgroup4
\symAMSb=\mathgroup5
LaTeX Font Info:    Overwriting math alphabet `\mathfrak' in version `bold'
(Font)                  U/euf/m/n --> U/euf/b/n on input line 106.
))
(/usr/local/texlive/2015/texmf-dist/tex/latex/tools/enumerate.sty
Package: enumerate 2014/10/28 v3.00 enumerate extensions (DPC)
\@enLab=\toks21
)
(/usr/local/texlive/2015/texmf-dist/tex/latex/subfigure/subfigure.sty
Package: subfigure 2002/03/15 v2.1.5 subfigure package
\subfigtopskip=\skip46
\subfigcapskip=\skip47
\subfigcaptopadj=\dimen120
\subfigbottomskip=\skip48
\subfigcapmargin=\dimen121
\subfiglabelskip=\skip49
\c@subfigure=\count102
\c@lofdepth=\count103
\c@subtable=\count104
\c@lotdepth=\count105

****************************************
* Local config file subfigure.cfg used *
****************************************
(/usr/local/texlive/2015/texmf-dist/tex/latex/subfigure/subfigure.cfg)
\subfig@top=\skip50
\subfig@bottom=\skip51
)
(/usr/local/texlive/2015/texmf-dist/tex/latex/caption/caption.sty
Package: caption 2013/05/02 v3.3-89 Customizing captions (AR)

(/usr/local/texlive/2015/texmf-dist/tex/latex/caption/caption3.sty
Package: caption3 2013/05/02 v1.6-88 caption3 kernel (AR)
Package caption3 Info: TeX engine: e-TeX on input line 57.
\captionmargin=\dimen122
\captionmargin@=\dimen123
\captionwidth=\dimen124
\caption@tempdima=\dimen125
\caption@indent=\dimen126
\caption@parindent=\dimen127
\caption@hangindent=\dimen128
)
\c@ContinuedFloat=\count106
Package caption Info: subfigure package is loaded.
)
(/usr/local/texlive/2015/texmf-dist/tex/latex/listings/listings.sty
\lst@mode=\count107
\lst@gtempboxa=\box28
\lst@token=\toks22
\lst@length=\count108
\lst@currlwidth=\dimen129
\lst@column=\count109
\lst@pos=\count110
\lst@lostspace=\dimen130
\lst@width=\dimen131
\lst@newlines=\count111
\lst@lineno=\count112
\lst@maxwidth=\dimen132

(/usr/local/texlive/2015/texmf-dist/tex/latex/listings/lstmisc.sty
File: lstmisc.sty 2014/09/06 1.5e (Carsten Heinz)
\c@lstnumber=\count113
\lst@skipnumbers=\count114
\lst@framebox=\box29
)
(/usr/local/texlive/2015/texmf-dist/tex/latex/listings/listings.cfg
File: listings.cfg 2014/09/06 1.5e listings configuration
))
Package: listings 2014/09/06 1.5e (Carsten Heinz)

(/usr/local/texlive/2015/texmf-dist/tex/latex/float/float.sty
Package: float 2001/11/08 v1.3d Float enhancements (AL)
\c@float@type=\count115
\float@exts=\toks23
\float@box=\box30
\@float@everytoks=\toks24
\@floatcapt=\box31
)
(/usr/local/texlive/2015/texmf-dist/tex/latex/graphics/graphicx.sty
Package: graphicx 2014/10/28 v1.0g Enhanced LaTeX Graphics (DPC,SPQR)

(/usr/local/texlive/2015/texmf-dist/tex/latex/graphics/graphics.sty
Package: graphics 2014/10/28 v1.0p Standard LaTeX Graphics (DPC,SPQR)

(/usr/local/texlive/2015/texmf-dist/tex/latex/graphics/trig.sty
Package: trig 1999/03/16 v1.09 sin cos tan (DPC)
)
(/usr/local/texlive/2015/texmf-dist/tex/latex/latexconfig/graphics.cfg
File: graphics.cfg 2010/04/23 v1.9 graphics configuration of TeX Live
)
Package graphics Info: Driver file: pdftex.def on input line 94.

(/usr/local/texlive/2015/texmf-dist/tex/latex/pdftex-def/pdftex.def
File: pdftex.def 2011/05/27 v0.06d Graphics/color for pdfTeX

(/usr/local/texlive/2015/texmf-dist/tex/generic/oberdiek/infwarerr.sty
Package: infwarerr 2010/04/08 v1.3 Providing info/warning/error messages (HO)
)
(/usr/local/texlive/2015/texmf-dist/tex/generic/oberdiek/ltxcmds.sty
Package: ltxcmds 2011/11/09 v1.22 LaTeX kernel commands for general use (HO)
)
\Gread@gobject=\count116
))
\Gin@req@height=\dimen133
\Gin@req@width=\dimen134
)
(./HW3_hudanyun_sheng.aux)
\openout1 = `HW3_hudanyun_sheng.aux'.

LaTeX Font Info:    Checking defaults for OML/cmm/m/it on input line 16.
LaTeX Font Info:    ... okay on input line 16.
LaTeX Font Info:    Checking defaults for T1/cmr/m/n on input line 16.
LaTeX Font Info:    ... okay on input line 16.
LaTeX Font Info:    Checking defaults for OT1/cmr/m/n on input line 16.
LaTeX Font Info:    ... okay on input line 16.
LaTeX Font Info:    Checking defaults for OMS/cmsy/m/n on input line 16.
LaTeX Font Info:    ... okay on input line 16.
LaTeX Font Info:    Checking defaults for OMX/cmex/m/n on input line 16.
LaTeX Font Info:    ... okay on input line 16.
LaTeX Font Info:    Checking defaults for U/cmr/m/n on input line 16.
LaTeX Font Info:    ... okay on input line 16.

*geometry* driver: auto-detecting
*geometry* detected driver: pdftex
*geometry* verbose mode - [ preamble ] result:
* driver: pdftex
* paper: a4paper
* layout: <same size as paper>
* layoutoffset:(h,v)=(0.0pt,0.0pt)
* modes: 
* h-part:(L,W,R)=(28.45274pt, 540.60239pt, 28.45274pt)
* v-part:(T,H,B)=(71.13188pt, 702.78308pt, 71.13188pt)
* \paperwidth=597.50787pt
* \paperheight=845.04684pt
* \textwidth=540.60239pt
* \textheight=702.78308pt
* \oddsidemargin=-43.81725pt
* \evensidemargin=-43.81725pt
* \topmargin=-38.1381pt
* \headheight=12.0pt
* \headsep=25.0pt
* \topskip=10.0pt
* \footskip=30.0pt
* \marginparwidth=57.0pt
* \marginparsep=11.0pt
* \columnsep=10.0pt
* \skip\footins=9.0pt plus 4.0pt minus 2.0pt
* \hoffset=0.0pt
* \voffset=0.0pt
* \mag=1000
* \@twocolumnfalse
* \@twosidefalse
* \@mparswitchfalse
* \@reversemarginfalse
* (1in=72.27pt=25.4mm, 1cm=28.453pt)

Package caption Info: Begin \AtBeginDocument code.
Package caption Info: float package is loaded.
Package caption Info: listings package is loaded.
Package caption Info: End \AtBeginDocument code.
\c@lstlisting=\count117
(/usr/local/texlive/2015/texmf-dist/tex/context/base/supp-pdf.mkii
[Loading MPS to PDF converter (version 2006.09.02).]
\scratchcounter=\count118
\scratchdimen=\dimen135
\scratchbox=\box32
\nofMPsegments=\count119
\nofMParguments=\count120
\everyMPshowfont=\toks25
\MPscratchCnt=\count121
\MPscratchDim=\dimen136
\MPnumerator=\count122
\makeMPintoPDFobject=\count123
\everyMPtoPDFconversion=\toks26
) (/usr/local/texlive/2015/texmf-dist/tex/generic/oberdiek/pdftexcmds.sty
Package: pdftexcmds 2011/11/29 v0.20 Utility functions of pdfTeX for LuaTeX (HO
)

(/usr/local/texlive/2015/texmf-dist/tex/generic/oberdiek/ifluatex.sty
Package: ifluatex 2010/03/01 v1.3 Provides the ifluatex switch (HO)
Package ifluatex Info: LuaTeX not detected.
)
Package pdftexcmds Info: LuaTeX not detected.
Package pdftexcmds Info: \pdf@primitive is available.
Package pdftexcmds Info: \pdf@ifprimitive is available.
Package pdftexcmds Info: \pdfdraftmode found.
)
(/usr/local/texlive/2015/texmf-dist/tex/latex/oberdiek/epstopdf-base.sty
Package: epstopdf-base 2010/02/09 v2.5 Base part for package epstopdf

(/usr/local/texlive/2015/texmf-dist/tex/latex/oberdiek/grfext.sty
Package: grfext 2010/08/19 v1.1 Manage graphics extensions (HO)

(/usr/local/texlive/2015/texmf-dist/tex/generic/oberdiek/kvdefinekeys.sty
Package: kvdefinekeys 2011/04/07 v1.3 Define keys (HO)
))
(/usr/local/texlive/2015/texmf-dist/tex/latex/oberdiek/kvoptions.sty
Package: kvoptions 2011/06/30 v3.11 Key value format for package options (HO)

(/usr/local/texlive/2015/texmf-dist/tex/generic/oberdiek/kvsetkeys.sty
Package: kvsetkeys 2012/04/25 v1.16 Key value parser (HO)

(/usr/local/texlive/2015/texmf-dist/tex/generic/oberdiek/etexcmds.sty
Package: etexcmds 2011/02/16 v1.5 Avoid name clashes with e-TeX commands (HO)
Package etexcmds Info: Could not find \expanded.
(etexcmds)             That can mean that you are not using pdfTeX 1.50 or
(etexcmds)             that some package has redefined \expanded.
(etexcmds)             In the latter case, load this package earlier.
)))
Package grfext Info: Graphics extension search list:
(grfext)             [.png,.pdf,.jpg,.mps,.jpeg,.jbig2,.jb2,.PNG,.PDF,.JPG,.JPE
G,.JBIG2,.JB2,.eps]
(grfext)             \AppendGraphicsExtensions on input line 452.

(/usr/local/texlive/2015/texmf-dist/tex/latex/latexconfig/epstopdf-sys.cfg
File: epstopdf-sys.cfg 2010/07/13 v1.3 Configuration of (r)epstopdf for TeX Liv
e
))
<AllscoreDis.jpg, id=1, 1171.37625pt x 878.28125pt>
File: AllscoreDis.jpg Graphic file (type jpg)
 <use AllscoreDis.jpg>
Package pdftex.def Info: AllscoreDis.jpg used on input line 34.
(pdftex.def)             Requested size: 173.44756pt x 130.04791pt.

Overfull \hbox (11.2652pt too wide) in paragraph at lines 34--35
 [][] 
 []

<AllCMC.jpg, id=2, 1171.37625pt x 878.28125pt>
File: AllCMC.jpg Graphic file (type jpg)
 <use AllCMC.jpg>
Package pdftex.def Info: AllCMC.jpg used on input line 40.
(pdftex.def)             Requested size: 173.44756pt x 130.04791pt.

Overfull \hbox (11.2652pt too wide) in paragraph at lines 40--41
 [][] 
 []

<AllROC.jpg, id=3, 1171.37625pt x 878.28125pt>
File: AllROC.jpg Graphic file (type jpg)
 <use AllROC.jpg>
Package pdftex.def Info: AllROC.jpg used on input line 46.
(pdftex.def)             Requested size: 173.44756pt x 130.04791pt.

Overfull \hbox (11.2652pt too wide) in paragraph at lines 46--47
 [][] 
 []


Underfull \hbox (badness 10000) in paragraph at lines 65--66

 []

[1

{/usr/local/texlive/2015/texmf-var/fonts/map/pdftex/updmap/pdftex.map} <./Allsc
oreDis.jpg> <./AllCMC.jpg> <./AllROC.jpg>]
<top_scoreDis.jpg, id=14, 1171.37625pt x 878.28125pt>
File: top_scoreDis.jpg Graphic file (type jpg)
 <use top_scoreDis.jpg>
Package pdftex.def Info: top_scoreDis.jpg used on input line 72.
(pdftex.def)             Requested size: 252.94499pt x 189.64427pt.

<bottom_scoreDis.jpg, id=15, 1171.37625pt x 878.28125pt>
File: bottom_scoreDis.jpg Graphic file (type jpg)

<use bottom_scoreDis.jpg>
Package pdftex.def Info: bottom_scoreDis.jpg used on input line 78.
(pdftex.def)             Requested size: 252.94499pt x 189.64427pt.

Overfull \hbox (2.22221pt too wide) in paragraph at lines 70--82
[][] [] 
 []

<left_scoreDis.jpg, id=16, 1171.37625pt x 878.28125pt>
File: left_scoreDis.jpg Graphic file (type jpg)
 <use left_scoreDis.jpg>
Package pdftex.def Info: left_scoreDis.jpg used on input line 87.
(pdftex.def)             Requested size: 252.94499pt x 189.64427pt.

<right_scoreDis.jpg, id=17, 1171.37625pt x 878.28125pt>
File: right_scoreDis.jpg Graphic file (type jpg)

<use right_scoreDis.jpg>
Package pdftex.def Info: right_scoreDis.jpg used on input line 93.
(pdftex.def)             Requested size: 252.94499pt x 189.64427pt.

Overfull \hbox (2.22221pt too wide) in paragraph at lines 85--97
[][] [] 
 []

<inoneCMC.jpg, id=18, 1171.37625pt x 878.28125pt>
File: inoneCMC.jpg Graphic file (type jpg)
 <use inoneCMC.jpg>
Package pdftex.def Info: inoneCMC.jpg used on input line 102.
(pdftex.def)             Requested size: 252.94499pt x 189.64427pt.

<inoneROC.jpg, id=19, 1171.37625pt x 878.28125pt>
File: inoneROC.jpg Graphic file (type jpg)
 <use inoneROC.jpg>
Package pdftex.def Info: inoneROC.jpg used on input line 108.
(pdftex.def)             Requested size: 252.94499pt x 189.64427pt.

Overfull \hbox (2.22221pt too wide) in paragraph at lines 100--112
[][] [] 
 []

[2 <./top_scoreDis.jpg> <./bottom_scoreDis.jpg> <./left_scoreDis.jpg> <./right_
scoreDis.jpg>]
LaTeX Font Info:    Try loading font information for U+msa on input line 116.
 (/usr/local/texlive/2015/texmf-dist/tex/latex/amsfonts/umsa.fd
File: umsa.fd 2013/01/14 v3.01 AMS symbols A
)
LaTeX Font Info:    Try loading font information for U+msb on input line 116.

(/usr/local/texlive/2015/texmf-dist/tex/latex/amsfonts/umsb.fd
File: umsb.fd 2013/01/14 v3.01 AMS symbols B
) [3 <./inoneCMC.jpg> <./inoneROC.jpg>] <PCA.jpg, id=28, 1124.2pt x 843.15pt>
File: PCA.jpg Graphic file (type jpg)
 <use PCA.jpg>
Package pdftex.def Info: PCA.jpg used on input line 138.
(pdftex.def)             Requested size: 252.94499pt x 189.70056pt.

<PCAallscoreDis.jpg, id=29, 1171.37625pt x 878.28125pt>
File: PCAallscoreDis.jpg Graphic file (type jpg)

<use PCAallscoreDis.jpg>
Package pdftex.def Info: PCAallscoreDis.jpg used on input line 148.
(pdftex.def)             Requested size: 173.44756pt x 130.04791pt.

Overfull \hbox (11.2652pt too wide) in paragraph at lines 148--149
 [][] 
 []

<pcaAllCMC.jpg, id=30, 1171.37625pt x 878.28125pt>
File: pcaAllCMC.jpg Graphic file (type jpg)
 <use pcaAllCMC.jpg>
Package pdftex.def Info: pcaAllCMC.jpg used on input line 154.
(pdftex.def)             Requested size: 173.44756pt x 130.04791pt.

Overfull \hbox (11.2652pt too wide) in paragraph at lines 154--155
 [][] 
 []

<pcaAllROC.jpg, id=31, 1171.37625pt x 878.28125pt>
File: pcaAllROC.jpg Graphic file (type jpg)
 <use pcaAllROC.jpg>
Package pdftex.def Info: pcaAllROC.jpg used on input line 160.
(pdftex.def)             Requested size: 173.44756pt x 130.04791pt.

Overfull \hbox (11.2652pt too wide) in paragraph at lines 160--161
 [][] 
 []

<pcatopscoreDis.jpg, id=32, 1171.37625pt x 878.28125pt>
File: pcatopscoreDis.jpg Graphic file (type jpg)

<use pcatopscoreDis.jpg>
Package pdftex.def Info: pcatopscoreDis.jpg used on input line 171.
(pdftex.def)             Requested size: 252.94499pt x 189.64427pt.

<pcabottomscoreDis.jpg, id=33, 1171.37625pt x 878.28125pt>
File: pcabottomscoreDis.jpg Graphic file (type jpg)

<use pcabottomscoreDis.jpg>
Package pdftex.def Info: pcabottomscoreDis.jpg used on input line 177.
(pdftex.def)             Requested size: 252.94499pt x 189.64427pt.

Overfull \hbox (2.22221pt too wide) in paragraph at lines 169--181
[][] [] 
 []


LaTeX Warning: `!h' float specifier changed to `!ht'.

<pcaleftscoreDis.jpg, id=34, 1171.37625pt x 878.28125pt>
File: pcaleftscoreDis.jpg Graphic file (type jpg)

<use pcaleftscoreDis.jpg>
Package pdftex.def Info: pcaleftscoreDis.jpg used on input line 186.
(pdftex.def)             Requested size: 252.94499pt x 189.64427pt.

<pcarightscoreDis.jpg, id=35, 1171.37625pt x 878.28125pt>
File: pcarightscoreDis.jpg Graphic file (type jpg)

<use pcarightscoreDis.jpg>
Package pdftex.def Info: pcarightscoreDis.jpg used on input line 192.
(pdftex.def)             Requested size: 252.94499pt x 189.64427pt.

Overfull \hbox (2.22221pt too wide) in paragraph at lines 184--196
[][] [] 
 []


LaTeX Warning: `!h' float specifier changed to `!ht'.

<PCAinoneCMC.jpg, id=36, 1171.37625pt x 878.28125pt>
File: PCAinoneCMC.jpg Graphic file (type jpg)
 <use PCAinoneCMC.jpg>
Package pdftex.def Info: PCAinoneCMC.jpg used on input line 201.
(pdftex.def)             Requested size: 252.94499pt x 189.64427pt.

<PCAinoneROC.jpg, id=37, 1171.37625pt x 878.28125pt>
File: PCAinoneROC.jpg Graphic file (type jpg)
 <use PCAinoneROC.jpg>
Package pdftex.def Info: PCAinoneROC.jpg used on input line 207.
(pdftex.def)             Requested size: 252.94499pt x 189.64427pt.

Overfull \hbox (2.22221pt too wide) in paragraph at lines 199--211
[][] [] 
 []


LaTeX Warning: `h' float specifier changed to `ht'.


LaTeX Warning: `h' float specifier changed to `ht'.

[4 <./PCA.jpg> <./PCAallscoreDis.jpg> <./pcaAllCMC.jpg> <./pcaAllROC.jpg>]
[5 <./pcatopscoreDis.jpg> <./pcabottomscoreDis.jpg> <./pcaleftscoreDis.jpg> <./
pcarightscoreDis.jpg>] [6 <./PCAinoneCMC.jpg> <./PCAinoneROC.jpg>]
(./HW3_hudanyun_sheng.aux) ) 
Here is how much of TeX's memory you used:
 5412 strings out of 493089
 80394 string characters out of 6134842
 147216 words of memory out of 5000000
 8814 multiletter control sequences out of 15000+600000
 6849 words of font info for 27 fonts, out of 8000000 for 9000
 1141 hyphenation exceptions out of 8191
 37i,9n,38p,1624b,433s stack positions out of 5000i,500n,10000p,200000b,80000s
</usr/local/texlive/2015/texmf-dist/fonts/type1/pub
lic/amsfonts/cm/cmbx12.pfb></usr/local/texlive/2015/texmf-dist/fonts/type1/publ
ic/amsfonts/cm/cmmi10.pfb></usr/local/texlive/2015/texmf-dist/fonts/type1/publi
c/amsfonts/cm/cmr10.pfb></usr/local/texlive/2015/texmf-dist/fonts/type1/public/
amsfonts/cm/cmr12.pfb></usr/local/texlive/2015/texmf-dist/fonts/type1/public/am
sfonts/cm/cmr17.pfb></usr/local/texlive/2015/texmf-dist/fonts/type1/public/amsf
onts/cm/cmr8.pfb></usr/local/texlive/2015/texmf-dist/fonts/type1/public/amsfont
s/cm/cmsy7.pfb>
Output written on HW3_hudanyun_sheng.pdf (6 pages, 1500391 bytes).
PDF statistics:
 70 PDF objects out of 1000 (max. 8388607)
 35 compressed objects within 1 object stream
 0 named destinations out of 1000 (max. 500000)
 96 words of extra memory for PDF output out of 10000 (max. 10000000)

